<?xml version="1.0" encoding="UTF-8" ?>
<testsuite failures="0" time="0.174" errors="0" skipped="0" tests="3" name="net.projetx.plugin.PluginManagerTest">
  <properties>
    <property name="java.runtime.name" value="Java(TM) SE Runtime Environment"/>
    <property name="sun.boot.library.path" value="/home/fabien/apps/jdk6/jre/lib/amd64"/>
    <property name="java.vm.version" value="20.0-b11"/>
    <property name="java.vm.vendor" value="Sun Microsystems Inc."/>
    <property name="java.vendor.url" value="http://java.sun.com/"/>
    <property name="path.separator" value=":"/>
    <property name="java.vm.name" value="Java HotSpot(TM) 64-Bit Server VM"/>
    <property name="file.encoding.pkg" value="sun.io"/>
    <property name="user.country" value="FR"/>
    <property name="sun.java.launcher" value="SUN_STANDARD"/>
    <property name="sun.os.patch.level" value="unknown"/>
    <property name="java.vm.specification.name" value="Java Virtual Machine Specification"/>
    <property name="user.dir" value="/home/fabien/projets/codjo/projetx-plugin"/>
    <property name="java.runtime.version" value="1.6.0_25-b06"/>
    <property name="java.awt.graphicsenv" value="sun.awt.X11GraphicsEnvironment"/>
    <property name="basedir" value="/home/fabien/projets/codjo/projetx-plugin"/>
    <property name="java.endorsed.dirs" value="/home/fabien/apps/jdk6/jre/lib/endorsed"/>
    <property name="os.arch" value="amd64"/>
    <property name="surefire.real.class.path" value="/tmp/surefirebooter2150537656552162241.jar"/>
    <property name="java.io.tmpdir" value="/tmp"/>
    <property name="line.separator" value="
"/>
    <property name="java.vm.specification.vendor" value="Sun Microsystems Inc."/>
    <property name="os.name" value="Linux"/>
    <property name="sun.jnu.encoding" value="UTF-8"/>
    <property name="java.library.path" value="/home/fabien/apps/jdk6/jre/lib/amd64/server:/home/fabien/apps/jdk6/jre/lib/amd64:/home/fabien/apps/jdk6/jre/../lib/amd64:/usr/java/packages/lib/amd64:/usr/lib64:/lib64:/lib:/usr/lib"/>
    <property name="surefire.test.class.path" value="/home/fabien/projets/codjo/projetx-plugin/target/test-classes:/home/fabien/projets/codjo/projetx-plugin/target/classes:/home/fabien/.m2/repository/org/picocontainer/picocontainer/2.14.1/picocontainer-2.14.1.jar:/home/fabien/.m2/repository/junit/junit/4.10/junit-4.10.jar:/home/fabien/.m2/repository/org/hamcrest/hamcrest-core/1.1/hamcrest-core-1.1.jar:"/>
    <property name="java.specification.name" value="Java Platform API Specification"/>
    <property name="java.class.version" value="50.0"/>
    <property name="sun.management.compiler" value="HotSpot 64-Bit Tiered Compilers"/>
    <property name="os.version" value="3.2.0-23-generic"/>
    <property name="user.home" value="/home/fabien"/>
    <property name="user.timezone" value=""/>
    <property name="java.awt.printerjob" value="sun.print.PSPrinterJob"/>
    <property name="file.encoding" value="UTF-8"/>
    <property name="java.specification.version" value="1.6"/>
    <property name="user.name" value="fabien"/>
    <property name="java.class.path" value="/home/fabien/projets/codjo/projetx-plugin/target/test-classes:/home/fabien/projets/codjo/projetx-plugin/target/classes:/home/fabien/.m2/repository/org/picocontainer/picocontainer/2.14.1/picocontainer-2.14.1.jar:/home/fabien/.m2/repository/junit/junit/4.10/junit-4.10.jar:/home/fabien/.m2/repository/org/hamcrest/hamcrest-core/1.1/hamcrest-core-1.1.jar:"/>
    <property name="java.vm.specification.version" value="1.0"/>
    <property name="sun.arch.data.model" value="64"/>
    <property name="java.home" value="/home/fabien/apps/jdk6/jre"/>
    <property name="sun.java.command" value="/tmp/surefirebooter2150537656552162241.jar /tmp/surefire3586049870532325358tmp /tmp/surefire3265057886020200426tmp"/>
    <property name="java.specification.vendor" value="Sun Microsystems Inc."/>
    <property name="user.language" value="fr"/>
    <property name="java.vm.info" value="mixed mode"/>
    <property name="java.version" value="1.6.0_25"/>
    <property name="java.ext.dirs" value="/home/fabien/apps/jdk6/jre/lib/ext:/usr/java/packages/lib/ext"/>
    <property name="sun.boot.class.path" value="/home/fabien/apps/jdk6/jre/lib/resources.jar:/home/fabien/apps/jdk6/jre/lib/rt.jar:/home/fabien/apps/jdk6/jre/lib/sunrsasign.jar:/home/fabien/apps/jdk6/jre/lib/jsse.jar:/home/fabien/apps/jdk6/jre/lib/jce.jar:/home/fabien/apps/jdk6/jre/lib/charsets.jar:/home/fabien/apps/jdk6/jre/lib/modules/jdk.boot.jar:/home/fabien/apps/jdk6/jre/classes"/>
    <property name="java.vendor" value="Sun Microsystems Inc."/>
    <property name="localRepository" value="/home/fabien/.m2/repository"/>
    <property name="file.separator" value="/"/>
    <property name="java.vendor.url.bug" value="http://java.sun.com/cgi-bin/bugreport.cgi"/>
    <property name="sun.cpu.endian" value="little"/>
    <property name="sun.io.unicode.encoding" value="UnicodeLittle"/>
    <property name="sun.cpu.isalist" value=""/>
  </properties>
  <testcase time="0.072" classname="net.projetx.plugin.PluginManagerTest" name="testStart"/>
  <testcase time="0.006" classname="net.projetx.plugin.PluginManagerTest" name="testStop"/>
  <testcase time="0.005" classname="net.projetx.plugin.PluginManagerTest" name="testGetServices"/>
</testsuite>